<?xml version="1.0" encoding="UTF-8"?>
<!-- Generated by org.testng.reporters.JUnitReportReporter -->
<testsuite hostname="admin-PC" failures="0" tests="1" name="testcases.LoginTest" time="61.565" errors="0" timestamp="2022-02-05T09:28:40 EST" skipped="0">
  <testcase classname="testcases.LoginTest" name="Login" time="61.565"/>
  <system-out/>
</testsuite> <!-- testcases.LoginTest -->
